==120874== Memcheck, a memory error detector
==120874== Copyright (C) 2002-2017, and GNU GPL'd, by Julian Seward et al.
==120874== Using Valgrind-3.18.1 and LibVEX; rerun with -h for copyright info
==120874== Command: ./push_swap 5 8 9 7 6 2 1 4 10 3
==120874== Parent PID: 116308
==120874== 
==120874== 
==120874== HEAP SUMMARY:
==120874==     in use at exit: 96 bytes in 4 blocks
==120874==   total heap usage: 11 allocs, 7 frees, 280 bytes allocated
==120874== 
==120874== 72 bytes in 3 blocks are indirectly lost in loss record 1 of 2
==120874==    at 0x4848899: malloc (in /usr/libexec/valgrind/vgpreload_memcheck-amd64-linux.so)
==120874==    by 0x401618: ft_fill_stack (map.c:90)
==120874==    by 0x4011AB: main (main.c:29)
==120874== 
==120874== 96 (24 direct, 72 indirect) bytes in 1 blocks are definitely lost in loss record 2 of 2
==120874==    at 0x4848899: malloc (in /usr/libexec/valgrind/vgpreload_memcheck-amd64-linux.so)
==120874==    by 0x401618: ft_fill_stack (map.c:90)
==120874==    by 0x4011AB: main (main.c:29)
==120874== 
==120874== LEAK SUMMARY:
==120874==    definitely lost: 24 bytes in 1 blocks
==120874==    indirectly lost: 72 bytes in 3 blocks
==120874==      possibly lost: 0 bytes in 0 blocks
==120874==    still reachable: 0 bytes in 0 blocks
==120874==         suppressed: 0 bytes in 0 blocks
==120874== 
==120874== For lists of detected and suppressed errors, rerun with: -s
==120874== ERROR SUMMARY: 1 errors from 1 contexts (suppressed: 0 from 0)
